0 info it worked if it ends with ok
1 verbose cli [ '/Users/a12360/.nodebrew/current/bin/node',
1 verbose cli   '/Users/a12360/.nodebrew/current/bin/npm',
1 verbose cli   'publish' ]
2 info using npm@1.3.14
3 info using node@v0.10.22
4 verbose node symlink /Users/a12360/.nodebrew/current/bin/node
5 verbose publish [ '.' ]
6 verbose cache add [ '.', null ]
7 verbose cache add name=undefined spec="." args=[".",null]
8 verbose parsed url { protocol: null,
8 verbose parsed url   slashes: null,
8 verbose parsed url   auth: null,
8 verbose parsed url   host: null,
8 verbose parsed url   port: null,
8 verbose parsed url   hostname: null,
8 verbose parsed url   hash: null,
8 verbose parsed url   search: null,
8 verbose parsed url   query: null,
8 verbose parsed url   pathname: '.',
8 verbose parsed url   path: '.',
8 verbose parsed url   href: '.' }
9 silly lockFile 3a52ce78- .
10 verbose lock . /Users/a12360/.npm/3a52ce78-.lock
11 verbose tar pack [ '/var/folders/61/jsncryg97hz15j8gs24t80jmr676nl/T/npm-25907-L7EIaaff/1425622876535-0.23152244975790381/tmp.tgz',
11 verbose tar pack   '.' ]
12 verbose tarball /var/folders/61/jsncryg97hz15j8gs24t80jmr676nl/T/npm-25907-L7EIaaff/1425622876535-0.23152244975790381/tmp.tgz
13 verbose folder .
14 info prepublish typescript-middleware@0.5.2
15 silly lockFile 1f1177db-tar tar://.
16 verbose lock tar://. /Users/a12360/.npm/1f1177db-tar.lock
17 silly lockFile 8227e7cf-6535-0-23152244975790381-tmp-tgz tar:///var/folders/61/jsncryg97hz15j8gs24t80jmr676nl/T/npm-25907-L7EIaaff/1425622876535-0.23152244975790381/tmp.tgz
18 verbose lock tar:///var/folders/61/jsncryg97hz15j8gs24t80jmr676nl/T/npm-25907-L7EIaaff/1425622876535-0.23152244975790381/tmp.tgz /Users/a12360/.npm/8227e7cf-6535-0-23152244975790381-tmp-tgz.lock
19 silly lockFile 1f1177db-tar tar://.
20 silly lockFile 1f1177db-tar tar://.
21 silly lockFile 8227e7cf-6535-0-23152244975790381-tmp-tgz tar:///var/folders/61/jsncryg97hz15j8gs24t80jmr676nl/T/npm-25907-L7EIaaff/1425622876535-0.23152244975790381/tmp.tgz
22 silly lockFile 8227e7cf-6535-0-23152244975790381-tmp-tgz tar:///var/folders/61/jsncryg97hz15j8gs24t80jmr676nl/T/npm-25907-L7EIaaff/1425622876535-0.23152244975790381/tmp.tgz
23 verbose tar unpack /var/folders/61/jsncryg97hz15j8gs24t80jmr676nl/T/npm-25907-L7EIaaff/1425622876535-0.23152244975790381/tmp.tgz
24 silly lockFile f53c6ea7-6535-0-23152244975790381-package tar:///var/folders/61/jsncryg97hz15j8gs24t80jmr676nl/T/npm-25907-L7EIaaff/1425622876535-0.23152244975790381/package
25 verbose lock tar:///var/folders/61/jsncryg97hz15j8gs24t80jmr676nl/T/npm-25907-L7EIaaff/1425622876535-0.23152244975790381/package /Users/a12360/.npm/f53c6ea7-6535-0-23152244975790381-package.lock
26 silly lockFile 8227e7cf-6535-0-23152244975790381-tmp-tgz tar:///var/folders/61/jsncryg97hz15j8gs24t80jmr676nl/T/npm-25907-L7EIaaff/1425622876535-0.23152244975790381/tmp.tgz
27 verbose lock tar:///var/folders/61/jsncryg97hz15j8gs24t80jmr676nl/T/npm-25907-L7EIaaff/1425622876535-0.23152244975790381/tmp.tgz /Users/a12360/.npm/8227e7cf-6535-0-23152244975790381-tmp-tgz.lock
28 silly gunzTarPerm modes [ '755', '644' ]
29 silly gunzTarPerm extractEntry package.json
30 silly gunzTarPerm extractEntry .npmignore
31 silly gunzTarPerm extractEntry README.md
32 silly gunzTarPerm extractEntry index.js
33 silly gunzTarPerm extractEntry lib/compiler.js
34 silly gunzTarPerm extractEntry lib/diagnostic.js
35 silly gunzTarPerm extractEntry lib/host-base.js
36 silly gunzTarPerm extractEntry lib/middleware.js
37 silly gunzTarPerm extractEntry lib/mtime.js
38 silly gunzTarPerm extractEntry lib/option-parser.js
39 silly gunzTarPerm extractEntry lib/pathutil.js
40 silly gunzTarPerm extractEntry lib/reference-resolver.js
41 silly gunzTarPerm extractEntry lib/typescript.inject.js
42 silly gunzTarPerm extractEntry tmpl/deps.tmpl
43 silly gunzTarPerm extractEntry tmpl/error.tmpl
44 silly lockFile f53c6ea7-6535-0-23152244975790381-package tar:///var/folders/61/jsncryg97hz15j8gs24t80jmr676nl/T/npm-25907-L7EIaaff/1425622876535-0.23152244975790381/package
45 silly lockFile f53c6ea7-6535-0-23152244975790381-package tar:///var/folders/61/jsncryg97hz15j8gs24t80jmr676nl/T/npm-25907-L7EIaaff/1425622876535-0.23152244975790381/package
46 silly lockFile 8227e7cf-6535-0-23152244975790381-tmp-tgz tar:///var/folders/61/jsncryg97hz15j8gs24t80jmr676nl/T/npm-25907-L7EIaaff/1425622876535-0.23152244975790381/tmp.tgz
47 silly lockFile 8227e7cf-6535-0-23152244975790381-tmp-tgz tar:///var/folders/61/jsncryg97hz15j8gs24t80jmr676nl/T/npm-25907-L7EIaaff/1425622876535-0.23152244975790381/tmp.tgz
48 verbose tar pack [ '/Users/a12360/.npm/typescript-middleware/0.5.2/package.tgz',
48 verbose tar pack   '/var/folders/61/jsncryg97hz15j8gs24t80jmr676nl/T/npm-25907-L7EIaaff/1425622876535-0.23152244975790381/package' ]
49 verbose tarball /Users/a12360/.npm/typescript-middleware/0.5.2/package.tgz
50 verbose folder /var/folders/61/jsncryg97hz15j8gs24t80jmr676nl/T/npm-25907-L7EIaaff/1425622876535-0.23152244975790381/package
51 silly lockFile f53c6ea7-6535-0-23152244975790381-package tar:///var/folders/61/jsncryg97hz15j8gs24t80jmr676nl/T/npm-25907-L7EIaaff/1425622876535-0.23152244975790381/package
52 verbose lock tar:///var/folders/61/jsncryg97hz15j8gs24t80jmr676nl/T/npm-25907-L7EIaaff/1425622876535-0.23152244975790381/package /Users/a12360/.npm/f53c6ea7-6535-0-23152244975790381-package.lock
53 silly lockFile fffde3a5-ipt-middleware-0-5-2-package-tgz tar:///Users/a12360/.npm/typescript-middleware/0.5.2/package.tgz
54 verbose lock tar:///Users/a12360/.npm/typescript-middleware/0.5.2/package.tgz /Users/a12360/.npm/fffde3a5-ipt-middleware-0-5-2-package-tgz.lock
55 silly lockFile f53c6ea7-6535-0-23152244975790381-package tar:///var/folders/61/jsncryg97hz15j8gs24t80jmr676nl/T/npm-25907-L7EIaaff/1425622876535-0.23152244975790381/package
56 silly lockFile f53c6ea7-6535-0-23152244975790381-package tar:///var/folders/61/jsncryg97hz15j8gs24t80jmr676nl/T/npm-25907-L7EIaaff/1425622876535-0.23152244975790381/package
57 silly lockFile fffde3a5-ipt-middleware-0-5-2-package-tgz tar:///Users/a12360/.npm/typescript-middleware/0.5.2/package.tgz
58 silly lockFile fffde3a5-ipt-middleware-0-5-2-package-tgz tar:///Users/a12360/.npm/typescript-middleware/0.5.2/package.tgz
59 silly lockFile 49490c2b-escript-middleware-0-5-2-package /Users/a12360/.npm/typescript-middleware/0.5.2/package
60 verbose lock /Users/a12360/.npm/typescript-middleware/0.5.2/package /Users/a12360/.npm/49490c2b-escript-middleware-0-5-2-package.lock
61 silly lockFile 49490c2b-escript-middleware-0-5-2-package /Users/a12360/.npm/typescript-middleware/0.5.2/package
62 silly lockFile 49490c2b-escript-middleware-0-5-2-package /Users/a12360/.npm/typescript-middleware/0.5.2/package
63 verbose tar unpack /Users/a12360/.npm/typescript-middleware/0.5.2/package.tgz
64 silly lockFile 4c9fea58-escript-middleware-0-5-2-package tar:///Users/a12360/.npm/typescript-middleware/0.5.2/package
65 verbose lock tar:///Users/a12360/.npm/typescript-middleware/0.5.2/package /Users/a12360/.npm/4c9fea58-escript-middleware-0-5-2-package.lock
66 silly lockFile fffde3a5-ipt-middleware-0-5-2-package-tgz tar:///Users/a12360/.npm/typescript-middleware/0.5.2/package.tgz
67 verbose lock tar:///Users/a12360/.npm/typescript-middleware/0.5.2/package.tgz /Users/a12360/.npm/fffde3a5-ipt-middleware-0-5-2-package-tgz.lock
68 silly gunzTarPerm modes [ '755', '644' ]
69 silly gunzTarPerm extractEntry package.json
70 silly gunzTarPerm extractEntry .npmignore
71 silly gunzTarPerm extractEntry README.md
72 silly gunzTarPerm extractEntry index.js
73 silly gunzTarPerm extractEntry lib/compiler.js
74 silly gunzTarPerm extractEntry lib/diagnostic.js
75 silly gunzTarPerm extractEntry lib/host-base.js
76 silly gunzTarPerm extractEntry lib/middleware.js
77 silly gunzTarPerm extractEntry lib/mtime.js
78 silly gunzTarPerm extractEntry lib/option-parser.js
79 silly gunzTarPerm extractEntry lib/pathutil.js
80 silly gunzTarPerm extractEntry lib/reference-resolver.js
81 silly gunzTarPerm extractEntry lib/typescript.inject.js
82 silly gunzTarPerm extractEntry tmpl/deps.tmpl
83 silly gunzTarPerm extractEntry tmpl/error.tmpl
84 silly lockFile 4c9fea58-escript-middleware-0-5-2-package tar:///Users/a12360/.npm/typescript-middleware/0.5.2/package
85 silly lockFile 4c9fea58-escript-middleware-0-5-2-package tar:///Users/a12360/.npm/typescript-middleware/0.5.2/package
86 silly lockFile fffde3a5-ipt-middleware-0-5-2-package-tgz tar:///Users/a12360/.npm/typescript-middleware/0.5.2/package.tgz
87 silly lockFile fffde3a5-ipt-middleware-0-5-2-package-tgz tar:///Users/a12360/.npm/typescript-middleware/0.5.2/package.tgz
88 verbose chmod /Users/a12360/.npm/typescript-middleware/0.5.2/package.tgz 644
89 verbose chown /Users/a12360/.npm/typescript-middleware/0.5.2/package.tgz [ 811834035, 1796141739 ]
90 silly lockFile 3a52ce78- .
91 silly lockFile 3a52ce78- .
92 silly publish { name: 'typescript-middleware',
92 silly publish   version: '0.5.2',
92 silly publish   description: 'typescript auto compile connect-middleware.',
92 silly publish   main: 'index.js',
92 silly publish   scripts: { test: 'cd test && node test.js' },
92 silly publish   repository:
92 silly publish    { type: 'git',
92 silly publish      url: 'https://github.com/brn/typescript-middleware.git' },
92 silly publish   keywords: [ 'typescript', 'connect', 'middleware' ],
92 silly publish   author: { name: 'Taketoshi Aono' },
92 silly publish   license: 'MIT',
92 silly publish   dependencies:
92 silly publish    { glob: '^3.2.9',
92 silly publish      lodash: '^2.4.1',
92 silly publish      ejs: '^1.0.0',
92 silly publish      'node-uuid': '^1.4.1',
92 silly publish      mkdirp: '^0.4.2' },
92 silly publish   devDependencies: { connect: '^2.14.5' },
92 silly publish   readme: '## What\'s this\n\nThe on the fly typescript compile server for express/connect.\n\n## Install\n\n`npm install typescript-middleware`\n\n## Usage\n\n```javascript\nvar tscMiddleware = require(\'typescript-middleware\');\nvar connect = require(\'connect\');\nvar app = connect();\napp.use(\'typescript\', tscMiddleware({\n  outDir: \'js/out\', // The output directory of compilation result.\n  sourceMap: true, // [OPTIONAL] Generate sourceMap file\n  sourceRoot: \'\', // [OPTIONAL] Source root path.\n  mapRoot: \'./ts\', // [OPTIONAL] SourceMap root directory\n  basePath: \'./ts\', // Typescript root directory\n  removeComments: false, // [OPTIONAL] [true/false] Save comments on generated source.\n  target: \'es3\', // [es3/es5] Target ecmascript environment.\n  module: \'amd\', // [amd/commonjs] Target javascript module.\n  useCaseSensitiveFileResolution: true, // [OPTIONAL] [true/false] To use case sensitive module search.\n  locale: \'en\', // [OPTIONAL] [en/ja-jp] Locale.\n  noImplicitAny: false, // [OPTIONAL] [true/false] Whether allow implicit any or not.\n  requirejsPath: \'js/libs/requirejs/require.js\', // The path to the requirejs\n  requirejsConfigPath: \'js/requirejs.config.js\', // The path to the requirejs config file.\n  urlRoot: \'./\', // The url root path.\n  updateAll: true // [OPTIONAL] [true/false] Whether record all typescript file mtime before server running or not.\n  respond: true // [OPTIONAL] [true/false] Respond compilation result as requirejs main.\n}));\n```\n\n## Compilation\n\nAll typescript files are compiled if mtime is updated,  \nto get mtime value, we use `fs.statSync`\n\n## Options\n\n**outDir**  \n\nThe output directory of the compilation results.\n\n\n**sourceMap**  \n\n[OPTIONAL] Generate sourceMap files.  \nvalues: true/false  \ndefault: false\n\n\n**sourceRoot**  \n\n[OPTIONAL] The source root path for typescript.\n\n\n**mapRoot**  \n\n[OPTIONAL] The source map root path.\n\n\n**basePath**  \n\nThe typescript root path.\n\n\n**removeComments**  \n\n[OPTIONAL] Whether remove comments from generated source code or not.  \nvalues: true/false  \ndefault: true\n\n\n**target**  \n\n[OPTIONAL] Target runtime for generated source code.  \nvalues: \'es3\'/\'es5\'  \ndefault: \'es5\'\n\n\n**module**  \n\n[OPTIONAL] The module pattern for generated source code.  \nvalues: \'amd\'/\'commonjs\'  \ndefault: \'amd\'\n\n\n**useCaseSensitiveFileResolution**  \n\n[OPTIONAL] Whether search referenced module by case sensitive.  \nvalue: true/false  \ndefault: true\n\n\n**locale**  \n\n[OPTIONAL] The locale  \nvalue: \'en\'/\'ja-jp\'  \ndefault: \'en\'\n\n\n**noImplicitAny**  \n\n[OPTIONAL] disallow implicit any type.  \nvalue: true/false\ndefault: false\n\n\n**requirejsPath**  \n\n[OPTIONAL] Specify requirejs path for auto running.  \nThis option affect only if respond option is true.  \n\n\n**requirejsConfigPath**  \n\n[OPTIONAL] Specify requirejs config file path.  \nThis option affect only if respond option is true.  \n\n\n**urlRoot**  \n\nThe root path of static files.\n\n\n**updateAll**  \n\n[OPTIONAL] Collect mtime of the all modules, before accessed.\nvalues: true/false\ndefault: false\n\n\n**respond**  \n\n[OPTIONAL] Respond compilation result as requirejs main file.\nvalues: true/false\ndefault: true\n\n\n**usePathname**  \n\n[OPTIONAL] Use path name for decide compile target.  \nIf this option is false, compile target is decided by \'path\' query parameter.\nvalues: true/false\ndefault: false\n\n\n## Example(respond = true, usePathname = false)\n\n**Server**\n\n```javascript\nvar connect = require(\'connect\');\nvar app = connect();\napp.use(\'typescript\', tscMiddleware({\n  basePath : \'../ts/src\',\n  sourceMap: true,\n  target: \'es3\',\n  module: \'amd\',\n  sourceMap: true,\n  urlRoot: \'../\',\n  outDir: \'../js/output\',\n  requirejsPath: \'../js/node_modules/requirejs/require.js\',\n  requirejsConfigPath: \'../js/conf/requirejs.config.js\',\n  updateAll: true\n})\n.use(connect.static(\'../\'))\n.listen(8080);\n```\n\n**HTML**\n\n```html\n<!doctype html>\n<html>\n<head>\n  <script type="text/javascript" src="//localhost:8080/typescript?path=main/foo/bar/main.ts"></script>\n</head>\n<body>\n</body>\n</html>\n```\n\n\n**Response**\n\n```javascript\n!function() {\n  document.writeln(\'<script type="text/javascript" src="/js/conf/requirejs.config.js"><\' + \'/script>\');\n  document.writeln(\'<script type="text/javascript" src="/js/node_modules/requirejs/require.js" data-main="/js/output/foo/bar/main.js"><\' + \'/script>\');\n}();\n```\n\n\n## Example(respond = false, usePathname = true)\n\n**Server**\n\n```javascript\nvar connect = require(\'connect\');\nvar app = connect();\napp.use(tscMiddleware({\n  basePath : \'../ts/src\',\n  sourceMap: true,\n  target: \'es3\',\n  module: \'amd\',\n  sourceMap: true,\n  urlRoot: \'../\',\n  outDir: \'../js/output\',\n  requirejsPath: \'../js/node_modules/requirejs/require.js\',\n  requirejsConfigPath: \'../js/conf/requirejs.config.js\',\n  updateAll: true,\n  respond: false,\n  usePathname: true\n})\n.use(connect.static(\'../\'))\n.listen(8080);\n```\n\n**HTML**\n\n```html\n<!doctype html>\n<html>\n<head>\n  <!-Specify output file.-->\n  <script type="text/javascript" src="//localhost:8080/js/output/main/foo/bar/main.js"></script>\n</head>\n<body>\n</body>\n</html>\n```\n\n**typescript**\n\n```typescript\nclass Main {}\n\nexport = Main;\n```\n\n**Response**\n\n```javascript\nvar Main = (function () {\n    function Main() {\n    }\n    return Main;\n})();\n\nmodule.exports = Main;\n//# sourceMappingURL=main.js.map\n```\n',
92 silly publish   readmeFilename: 'README.md',
92 silly publish   bugs: { url: 'https://github.com/brn/typescript-middleware/issues' },
92 silly publish   homepage: 'https://github.com/brn/typescript-middleware',
92 silly publish   _id: 'typescript-middleware@0.5.2',
92 silly publish   dist: { shasum: '650e3ad27aa39730292eac12cf7ab8376c9a7e92' },
92 silly publish   _from: '.' }
93 error need auth auth and email required for publishing
93 error need auth You need to authorize this machine using `npm adduser`
94 error System Darwin 13.4.0
95 error command "/Users/a12360/.nodebrew/current/bin/node" "/Users/a12360/.nodebrew/current/bin/npm" "publish"
96 error cwd /Users/a12360/GitHub/npm-modules/typescript-middleware
97 error node -v v0.10.22
98 error npm -v 1.3.14
99 error code ENEEDAUTH
100 verbose exit [ 1, true ]
